<?xml version="1.0" encoding="UTF-8"?><testsuite errors="0" failures="1" name="Comprar producto" skipped="0" tests="1" time="100.31" timestamp="2023-04-01 07:45:35"><testcase name="Compra de productos"><failure message="&#10;Expected: an element that is currently enabled&#10;     but: the element identified by xpath: (//button[normalize-space()='Ir a pagar'])[1] [Ir a pagar] was not enabled" type="java.lang.AssertionError">
Expected: an element that is currently enabled
     but: the element identified by xpath: (//button[normalize-space()='Ir a pagar'])[1] [Ir a pagar] was not enabled</failure><system-err>
Expected: an element that is currently enabled
     but: the element identified by xpath: (//button[normalize-space()='Ir a pagar'])[1] [Ir a pagar] was not enabled&#13;
com.sofkau.tasks.PagarProducto.performAs(PagarProducto.java:20)&#13;
com.sofkau.stepdefinitions.FlujoCompraStepDefinitions.seleccionaElProducto(FlujoCompraStepDefinitions.java:84)&#13;
io.cucumber.java.Invoker.invoke(Invoker.java:27)&#13;
io.cucumber.java.JavaStepDefinition.execute(JavaStepDefinition.java:27)&#13;
io.cucumber.core.runner.PickleStepDefinitionMatch.runStep(PickleStepDefinitionMatch.java:63)&#13;
io.cucumber.core.runner.TestStep.executeStep(TestStep.java:64)&#13;
io.cucumber.core.runner.TestStep.run(TestStep.java:49)&#13;
io.cucumber.core.runner.PickleStepTestStep.run(PickleStepTestStep.java:46)&#13;
io.cucumber.core.runner.TestCase.run(TestCase.java:51)&#13;
io.cucumber.core.runner.Runner.runPickle(Runner.java:67)&#13;
io.cucumber.junit.FeatureRunner.runChild(FeatureRunner.java:83)&#13;
io.cucumber.junit.FeatureRunner.runChild(FeatureRunner.java:24)&#13;
io.cucumber.junit.CucumberSerenityRunner.runChild(CucumberSerenityRunner.java:227)&#13;
io.cucumber.junit.CucumberSerenityRunner.runChild(CucumberSerenityRunner.java:54)&#13;
worker.org.gradle.process.internal.worker.GradleWorkerMain.run(GradleWorkerMain.java:69)&#13;
worker.org.gradle.process.internal.worker.GradleWorkerMain.main(GradleWorkerMain.java:74)&#13;
</system-err></testcase></testsuite>